<?xml version="1.0" encoding="UTF-8"?>
<!-- Generated by org.testng.reporters.JUnitReportReporter -->
<testsuite skipped="0" hostname="VARSHA" name="LogoutTest.logout" tests="1" failures="0" timestamp="2020-06-19T17:41:20 PDT" time="6.383" errors="0">
  <testcase name="userLogout" time="6.383" classname="LogoutTest.logout"/>
  <system-out/>
</testsuite> <!-- LogoutTest.logout -->
